mobile_app/BoardHood/proguard-project.txt
-libraryjars libs/joda-time-2.1.jar
-libraryjars libs/httpmime-4.1.3.jar
-libraryjars libs/guava-11.0.2.jar

-keepnames class org.apache.** {*;}
-keep public class org.apache.** {*;}

-dontwarn org.apache.commons.logging.LogFactory
-dontwarn org.apache.http.annotation.ThreadSafe
-dontwarn org.apache.http.annotation.Immutable
-dontwarn org.apache.http.annotation.NotThreadSafe
-dontwarn org.junit.**
-dontwarn javax.annotation.**
-dontwarn com.google.common.collect.**
-dontwarn com.google.common.primitives.**
-dontwarn org.joda.time.**

-assumenosideeffects class android.util.Log {
    public static *** e(...);
    public static *** d(...);
    public static *** v(...);
    public static *** w(...);
    public static *** i(...);
}