mobile_app/BoardHood/proguard/seeds.txt
com.boardhood.mobile.BoardHoodApplication
com.boardhood.mobile.BoardHoodApplication: BoardHoodApplication()
com.boardhood.mobile.R$attr: int src
com.boardhood.mobile.R$color: int bottom_border_background_pressed
com.boardhood.mobile.R$color: int bottom_border_line
com.boardhood.mobile.R$color: int button_background_end
com.boardhood.mobile.R$color: int button_background_start
com.boardhood.mobile.R$color: int conversationlist_avatar_background
com.boardhood.mobile.R$color: int conversationlist_item_background
com.boardhood.mobile.R$color: int conversationlist_item_info
com.boardhood.mobile.R$color: int conversationlist_item_pressed_background
com.boardhood.mobile.R$color: int conversationlist_item_text
com.boardhood.mobile.R$color: int dark_gray
com.boardhood.mobile.R$color: int gray
com.boardhood.mobile.R$color: int listitem_divider
com.boardhood.mobile.R$color: int orange
com.boardhood.mobile.R$color: int simple_gray_disabled
com.boardhood.mobile.R$color: int simple_gray_normal
com.boardhood.mobile.R$color: int simple_gray_pressed
com.boardhood.mobile.R$color: int white
com.boardhood.mobile.R$dimen: int conversationlist_item_avatar_height
com.boardhood.mobile.R$dimen: int conversationlist_item_avatar_marginright
com.boardhood.mobile.R$dimen: int conversationlist_item_avatar_width
com.boardhood.mobile.R$dimen: int conversationlist_item_fontsize
com.boardhood.mobile.R$dimen: int conversationlist_item_footer_leftmargin
com.boardhood.mobile.R$dimen: int conversationlist_item_info_fontsize
com.boardhood.mobile.R$dimen: int conversationlist_item_padding
com.boardhood.mobile.R$dimen: int conversationlist_item_radius
com.boardhood.mobile.R$dimen: int footerbar_button_padding
com.boardhood.mobile.R$dimen: int footerbar_heigth
com.boardhood.mobile.R$dimen: int imagetext_button_image_height
com.boardhood.mobile.R$dimen: int imagetext_button_image_paddingbottom
com.boardhood.mobile.R$dimen: int imagetext_button_text_size
com.boardhood.mobile.R$drawable: int actionbar_logo
com.boardhood.mobile.R$drawable: int back_icon_normal
com.boardhood.mobile.R$drawable: int back_icon_pressed
com.boardhood.mobile.R$drawable: int background_dark_rounded
com.boardhood.mobile.R$drawable: int bottom_border_background
com.boardhood.mobile.R$drawable: int bottom_border_noradius_background
com.boardhood.mobile.R$drawable: int bottom_border_noradius_normal
com.boardhood.mobile.R$drawable: int bottom_border_noradius_pressed
com.boardhood.mobile.R$drawable: int bottom_border_normal
com.boardhood.mobile.R$drawable: int bottom_border_pressed
com.boardhood.mobile.R$drawable: int button_gray
com.boardhood.mobile.R$drawable: int button_green
com.boardhood.mobile.R$drawable: int button_orange
com.boardhood.mobile.R$drawable: int button_simple_gray
com.boardhood.mobile.R$drawable: int conversation_item_background
com.boardhood.mobile.R$drawable: int conversation_item_info_selector
com.boardhood.mobile.R$drawable: int conversation_item_pressed_background
com.boardhood.mobile.R$drawable: int conversation_item_selector
com.boardhood.mobile.R$drawable: int conversation_item_text_selector
com.boardhood.mobile.R$drawable: int edittext_background
com.boardhood.mobile.R$drawable: int edittext_login_bottom_background
com.boardhood.mobile.R$drawable: int edittext_login_bottom_normal
com.boardhood.mobile.R$drawable: int edittext_login_middle_background
com.boardhood.mobile.R$drawable: int edittext_login_middle_normal
...
com.github.ignition.core.widgets.RemoteImageView: void setSharedImageLoader(com.github.ignition.support.images.remote.RemoteImageLoader)
com.github.ignition.core.widgets.RemoteImageView: RemoteImageView(android.content.Context,java.lang.String,boolean)
com.github.ignition.core.widgets.RemoteImageView: RemoteImageView(android.content.Context,java.lang.String,android.graphics.drawable.Drawable,android.graphics.drawable.Drawable,boolean)
com.github.ignition.core.widgets.RemoteImageView: RemoteImageView(android.content.Context,android.util.AttributeSet)
com.github.ignition.core.widgets.RemoteImageView: void setImageUrl(java.lang.String)
com.github.ignition.core.widgets.RemoteImageView: void setNoImageDrawable(int)
com.github.ignition.core.widgets.RemoteImageView: java.lang.String getImageUrl()
com.github.ignition.core.widgets.RemoteImageView: android.graphics.drawable.Drawable getProgressDrawable()
com.github.ignition.core.widgets.RemoteImageView: android.graphics.drawable.Drawable getErrorDrawable()
com.github.ignition.core.widgets.RemoteImageView: android.widget.ImageView getImageView()
com.github.ignition.core.widgets.RemoteImageView: android.widget.ProgressBar getProgressBar()
com.github.ignition.support.cache.CachedList
com.github.ignition.support.cache.CachedList: android.os.Parcelable$Creator CREATOR
com.github.ignition.support.cache.CachedModel
com.google.common.base.AbstractIterator$State: com.google.common.base.AbstractIterator$State[] values()
com.google.common.base.AbstractIterator$State: com.google.common.base.AbstractIterator$State valueOf(java.lang.String)
com.google.common.base.CaseFormat: com.google.common.base.CaseFormat[] values()
com.google.common.base.CaseFormat: com.google.common.base.CaseFormat valueOf(java.lang.String)
com.google.common.base.Functions$IdentityFunction: com.google.common.base.Functions$IdentityFunction[] values()
com.google.common.base.Functions$IdentityFunction: com.google.common.base.Functions$IdentityFunction valueOf(java.lang.String)
com.google.common.base.Functions$ToStringFunction: com.google.common.base.Functions$ToStringFunction[] values()
com.google.common.base.Functions$ToStringFunction: com.google.common.base.Functions$ToStringFunction valueOf(java.lang.String)
com.google.common.base.Predicates$ObjectPredicate: com.google.common.base.Predicates$ObjectPredicate[] values()
com.google.common.base.Predicates$ObjectPredicate: com.google.common.base.Predicates$ObjectPredicate valueOf(java.lang.String)
com.google.common.base.Suppliers$SupplierFunction: com.google.common.base.Suppliers$SupplierFunction[] values()
com.google.common.base.Suppliers$SupplierFunction: com.google.common.base.Suppliers$SupplierFunction valueOf(java.lang.String)
com.google.common.cache.CacheBuilder$NullListener: com.google.common.cache.CacheBuilder$NullListener[] values()
com.google.common.cache.CacheBuilder$NullListener: com.google.common.cache.CacheBuilder$NullListener valueOf(java.lang.String)
com.google.common.cache.CacheBuilder$OneWeigher: com.google.common.cache.CacheBuilder$OneWeigher[] values()
com.google.common.cache.CacheBuilder$OneWeigher: com.google.common.cache.CacheBuilder$OneWeigher valueOf(java.lang.String)
com.google.common.cache.LocalCache$EntryFactory: com.google.common.cache.LocalCache$EntryFactory[] values()
com.google.common.cache.LocalCache$EntryFactory: com.google.common.cache.LocalCache$EntryFactory valueOf(java.lang.String)
com.google.common.cache.LocalCache$NullEntry: com.google.common.cache.LocalCache$NullEntry[] values()
com.google.common.cache.LocalCache$NullEntry: com.google.common.cache.LocalCache$NullEntry valueOf(java.lang.String)
com.google.common.cache.LocalCache$Strength: com.google.common.cache.LocalCache$Strength[] values()
com.google.common.cache.LocalCache$Strength: com.google.common.cache.LocalCache$Strength valueOf(java.lang.String)