mobile_app/BoardHood/proguard/mapping.txt
com.boardhood.mobile.BoardHoodApplication -> com.boardhood.mobile.BoardHoodApplication:
    com.boardhood.mobile.cache.StringCache cache -> a
    void onCreate() -> onCreate
com.boardhood.mobile.BoardHoodClientManager -> com.boardhood.mobile.a:
    com.boardhood.api.BoardHood client -> a
    com.boardhood.api.BoardHood getClient() -> a
    void setClient(com.boardhood.api.BoardHood) -> a
    void setCredentials(com.boardhood.api.model.User) -> a
com.boardhood.mobile.BoardHoodSettings -> com.boardhood.mobile.b:
    android.content.SharedPreferences settings -> a
    android.content.SharedPreferences$Editor getEditor() -> a
com.boardhood.mobile.BoardHoodWebCacheClient -> com.boardhood.mobile.c:
    android.content.Context context -> c
com.boardhood.mobile.CredentialManager -> com.boardhood.mobile.d:
    com.boardhood.api.model.User authUser -> a
    com.boardhood.api.model.User getAuthUser$1f3dc8dd() -> a
    void setAuthUser$6296ac0b(com.boardhood.api.model.User) -> a
com.boardhood.mobile.LocationFinder -> com.boardhood.mobile.e:
    com.boardhood.mobile.LocationFinder instance -> a
    android.content.Context context -> c
    android.location.Location lastLocation -> b
    com.boardhood.mobile.utils.MyLocation myLocation -> d
    boolean lookingUp -> e
    com.boardhood.mobile.utils.MyLocation$LocationResult locationResult -> f
    void findLocation() -> c
    void updateLocation() -> a
    android.location.Location getLastLocation() -> b
    boolean isLookingUp() -> d
    void setLookingUp(boolean) -> a
com.boardhood.mobile.LocationFinder$1 -> com.boardhood.mobile.f:
    com.boardhood.mobile.LocationFinder this$0 -> a
    void gotLocation(android.location.Location) -> a
com.boardhood.mobile.R -> com.boardhood.mobile.g:
com.boardhood.mobile.R$styleable -> com.boardhood.mobile.h:
    int[] ImageTextButton -> ImageTextButton
    int ImageTextButton_src -> ImageTextButton_src
com.boardhood.mobile.activity.ActivityActivity -> com.boardhood.mobile.activity.ActivityActivity:
    com.boardhood.api.util.BHList list -> f
    com.boardhood.mobile.adapter.ActivityAdapter adapter -> g
    com.boardhood.mobile.list.SimpleListView listView -> h
    com.boardhood.mobile.list.ListListener listListener -> i
    com.boardhood.mobile.list.ListContext listContext -> j
    void onCreate(android.os.Bundle) -> onCreate
    void onResume() -> onResume
    android.content.Intent createIntent(android.content.Context) -> a
    com.boardhood.api.BoardHood access$0(com.boardhood.mobile.activity.ActivityActivity) -> a
    com.boardhood.mobile.list.ListListener access$1(com.boardhood.mobile.activity.ActivityActivity) -> b
    com.boardhood.mobile.list.ListContext access$2(com.boardhood.mobile.activity.ActivityActivity) -> c
    com.boardhood.mobile.list.SimpleListView access$3(com.boardhood.mobile.activity.ActivityActivity) -> d
com.boardhood.mobile.activity.ActivityActivity$1 -> com.boardhood.mobile.activity.a:
    com.boardhood.mobile.activity.ActivityActivity this$0 -> a
    void onClick(android.view.View) -> onClick
com.boardhood.mobile.activity.ActivityActivity$2 -> com.boardhood.mobile.activity.b:
    com.boardhood.mobile.activity.ActivityActivity this$0 -> a
    void onItemClick(android.widget.AdapterView,android.view.View,int,long) -> onItemClick
com.boardhood.mobile.activity.ActivityActivity$3 -> com.boardhood.mobile.activity.c:
    com.boardhood.mobile.activity.ActivityActivity this$0 -> a
    void onClick(android.view.View) -> onClick
...
com.google.common.collect.MapMakerInternalMap$Strength$1 -> com.a.a.b.bd:
    com.google.common.collect.MapMakerInternalMap$ValueReference referenceValue(com.google.common.collect.MapMakerInternalMap$Segment,com.google.common.collect.MapMakerInternalMap$ReferenceEntry,java.lang.Object) -> a
    com.google.common.base.Equivalence defaultEquivalence() -> a
com.google.common.collect.MapMakerInternalMap$Strength$2 -> com.a.a.b.be:
    com.google.common.collect.MapMakerInternalMap$ValueReference referenceValue(com.google.common.collect.MapMakerInternalMap$Segment,com.google.common.collect.MapMakerInternalMap$ReferenceEntry,java.lang.Object) -> a
    com.google.common.base.Equivalence defaultEquivalence() -> a
com.google.common.collect.MapMakerInternalMap$Strength$3 -> com.a.a.b.bf:
    com.google.common.collect.MapMakerInternalMap$ValueReference referenceValue(com.google.common.collect.MapMakerInternalMap$Segment,com.google.common.collect.MapMakerInternalMap$ReferenceEntry,java.lang.Object) -> a
    com.google.common.base.Equivalence defaultEquivalence() -> a
com.google.common.collect.MapMakerInternalMap$StrongEntry -> com.a.a.b.bg:
    java.lang.Object key -> a
    int hash -> b
    com.google.common.collect.MapMakerInternalMap$ReferenceEntry next -> c
    com.google.common.collect.MapMakerInternalMap$ValueReference valueReference -> d
    java.lang.Object getKey() -> d
    long getExpirationTime() -> e
    void setExpirationTime(long) -> a
    com.google.common.collect.MapMakerInternalMap$ReferenceEntry getNextExpirable() -> f
    void setNextExpirable(com.google.common.collect.MapMakerInternalMap$ReferenceEntry) -> a
    com.google.common.collect.MapMakerInternalMap$ReferenceEntry getPreviousExpirable() -> g
    void setPreviousExpirable(com.google.common.collect.MapMakerInternalMap$ReferenceEntry) -> b
    com.google.common.collect.MapMakerInternalMap$ReferenceEntry getNextEvictable() -> h
    void setNextEvictable(com.google.common.collect.MapMakerInternalMap$ReferenceEntry) -> c
    com.google.common.collect.MapMakerInternalMap$ReferenceEntry getPreviousEvictable() -> i
    void setPreviousEvictable(com.google.common.collect.MapMakerInternalMap$ReferenceEntry) -> d
    com.google.common.collect.MapMakerInternalMap$ValueReference getValueReference() -> a
    void setValueReference(com.google.common.collect.MapMakerInternalMap$ValueReference) -> a
    int getHash() -> c
    com.google.common.collect.MapMakerInternalMap$ReferenceEntry getNext() -> b
com.google.common.collect.MapMakerInternalMap$StrongEvictableEntry -> com.a.a.b.bh:
    com.google.common.collect.MapMakerInternalMap$ReferenceEntry nextEvictable -> e
    com.google.common.collect.MapMakerInternalMap$ReferenceEntry previousEvictable -> f
    com.google.common.collect.MapMakerInternalMap$ReferenceEntry getNextEvictable() -> h
    void setNextEvictable(com.google.common.collect.MapMakerInternalMap$ReferenceEntry) -> c
    com.google.common.collect.MapMakerInternalMap$ReferenceEntry getPreviousEvictable() -> i
    void setPreviousEvictable(com.google.common.collect.MapMakerInternalMap$ReferenceEntry) -> d
com.google.common.collect.MapMakerInternalMap$StrongExpirableEntry -> com.a.a.b.bi:
    long time -> e
    com.google.common.collect.MapMakerInternalMap$ReferenceEntry nextExpirable -> f
    com.google.common.collect.MapMakerInternalMap$ReferenceEntry previousExpirable -> g
    long getExpirationTime() -> e
    void setExpirationTime(long) -> a
    com.google.common.collect.MapMakerInternalMap$ReferenceEntry getNextExpirable() -> f
    void setNextExpirable(com.google.common.collect.MapMakerInternalMap$ReferenceEntry) -> a
    com.google.common.collect.MapMakerInternalMap$ReferenceEntry getPreviousExpirable() -> g
    void setPreviousExpirable(com.google.common.collect.MapMakerInternalMap$ReferenceEntry) -> b