mobile_app/BoardHood/proguard/usage.txt
com.boardhood.mobile.BoardHoodApplication:
    public static final java.lang.String ACTION_LOGOUT
com.boardhood.mobile.BoardHoodClientManager:
    public static final java.lang.String URL
    private static final java.lang.String APP_KEY
    7:7:public BoardHoodClientManager()
    26:27:public static void setCredentials(java.lang.String,java.lang.String)
com.boardhood.mobile.BoardHoodSettings:
    public static final java.lang.String SETTINGS
    public static final java.lang.String FILTER_ORDER_BY
    public static final java.lang.String FILTER_RADIUS
    6:6:public BoardHoodSettings()
com.boardhood.mobile.BoardHoodWebCacheClient:
    private static final int CACHE_INIT_SIZE
    private static final int CACHE_THREADS
    16:19:public BoardHoodWebCacheClient(android.content.Context)
com.boardhood.mobile.BuildConfig
com.boardhood.mobile.CredentialManager:
    8:8:public CredentialManager()
com.boardhood.mobile.Extra
com.boardhood.mobile.LocationFinder:
    private static final java.lang.String LAT
    private static final java.lang.String LON
    private static final java.lang.String TIME
    private static final int T_ELAPSED
com.boardhood.mobile.R:
    10:10:public R()
com.boardhood.mobile.R$attr
com.boardhood.mobile.R$color
com.boardhood.mobile.R$dimen
com.boardhood.mobile.R$drawable
com.boardhood.mobile.R$id
com.boardhood.mobile.R$layout
com.boardhood.mobile.R$string
com.boardhood.mobile.R$style
com.boardhood.mobile.R$styleable:
    486:486:public R$styleable()
com.boardhood.mobile.activity.ConversationActivity:
    private static final int RESULT_NEW_CONVERSATION
com.boardhood.mobile.activity.FeedActivity:
    163:166:public void loadDefaultContextData()
com.boardhood.mobile.activity.InterestActivity:
    public static final int TAB_FOLLOWERS
    public static final int TAB_CONVERSATIONS
com.boardhood.mobile.activity.ProfileActivity:
    public static final int TAB_CONVERSATIONS
    public static final int TAB_INTERESTS
com.boardhood.mobile.activity.base.BoardHoodActivity:
    protected com.boardhood.mobile.widget.FooterBar footerBar
com.boardhood.mobile.android.util.DebugUtils
com.boardhood.mobile.android.util.TimeUtils
com.boardhood.mobile.cache.AbstractCache:
    public static final int DISK_CACHE_INTERNAL
    public static final int DISK_CACHE_SDCARD
    private static final java.lang.String LOG_TAG
    102:103:public com.boardhood.mobile.cache.AbstractCache setIsDiskCacheSynchronous(boolean)
    107:108:public com.boardhood.mobile.cache.AbstractCache setRemoveExpiredMemItems(boolean)
    112:113:public com.boardhood.mobile.cache.AbstractCache setRemoveExpiredDiskItems(boolean)
    117:118:public com.boardhood.mobile.cache.AbstractCache setMemExpirationInMillis(long)
    122:123:public com.boardhood.mobile.cache.AbstractCache setDiskExpirationInMillis(long)
    210:210:public java.lang.String getDiskCacheDirectory()
    439:439:public synchronized boolean containsKeyInMemory(java.lang.Object)
    528:528:public boolean isDiskCacheEnabled()
    551:557:public void setDiskCacheEnabled(java.lang.String)
com.boardhood.mobile.cache.CacheHelper:
    7:7:public CacheHelper()
    15:26:public static void removeAllWithStringPrefix(com.boardhood.mobile.cache.AbstractCache,java.lang.String)
    30:51:private static void removeExpiredCache(com.boardhood.mobile.cache.AbstractCache,java.lang.String)
com.boardhood.mobile.cache.CacheHelper$1
com.boardhood.mobile.cache.SaveCacheTask:
    private static final int INTERVAL
    private static final int RES_SUCCESS
    private static final int RES_ERROR
    private static final int RES_TOO_SOON
com.boardhood.mobile.list.ListContext:
    40:40:public int getPage()
    44:44:public int getNextPage()
    67:68:public void setPerPage(int)
...
com.google.common.collect.Multimaps$FilteredMultimap$2
com.google.common.collect.Multimaps$FilteredMultimap$AsMap
com.google.common.collect.Multimaps$FilteredMultimap$AsMap$EntrySet
com.google.common.collect.Multimaps$FilteredMultimap$AsMap$EntrySet$1
com.google.common.collect.Multimaps$FilteredMultimap$AsMap$KeySet
com.google.common.collect.Multimaps$FilteredMultimap$AsMap$KeySet$1
com.google.common.collect.Multimaps$FilteredMultimap$AsMap$Values
com.google.common.collect.Multimaps$FilteredMultimap$AsMap$Values$1
com.google.common.collect.Multimaps$FilteredMultimap$AsMap$Values$2
com.google.common.collect.Multimaps$FilteredMultimap$Keys
com.google.common.collect.Multimaps$FilteredMultimap$Keys$EntrySet
com.google.common.collect.Multimaps$FilteredMultimap$Keys$EntrySet$1
com.google.common.collect.Multimaps$FilteredMultimap$ValuePredicate
com.google.common.collect.Multimaps$FilteredMultimap$Values
com.google.common.collect.Multimaps$Keys
com.google.common.collect.Multimaps$Keys$1
com.google.common.collect.Multimaps$Keys$1$1
com.google.common.collect.Multimaps$Keys$2
com.google.common.collect.Multimaps$Keys$KeysEntrySet
com.google.common.collect.Multimaps$MapMultimap
com.google.common.collect.Multimaps$MapMultimap$1
com.google.common.collect.Multimaps$MapMultimap$1$1
com.google.common.collect.Multimaps$MapMultimap$AsMap
com.google.common.collect.Multimaps$MapMultimap$AsMapEntries
com.google.common.collect.Multimaps$MapMultimap$AsMapEntries$1
com.google.common.collect.Multimaps$MapMultimap$AsMapEntries$1$1
com.google.common.collect.Multimaps$TransformedEntriesListMultimap
com.google.common.collect.Multimaps$TransformedEntriesListMultimap$1
com.google.common.collect.Multimaps$TransformedEntriesMultimap
com.google.common.collect.Multimaps$TransformedEntriesMultimap$1
com.google.common.collect.Multimaps$TransformedEntriesMultimap$2
com.google.common.collect.Multimaps$TransformedEntriesMultimap$3
com.google.common.collect.Multimaps$TransformedEntriesMultimap$TransformedEntries
com.google.common.collect.Multimaps$TransformedEntriesMultimap$TransformedEntries$1
com.google.common.collect.Multimaps$TransformedEntriesMultimap$TransformedEntries$1$1
com.google.common.collect.Multimaps$UnmodifiableAsMapEntries
com.google.common.collect.Multimaps$UnmodifiableAsMapEntries$1
com.google.common.collect.Multimaps$UnmodifiableAsMapValues
com.google.common.collect.Multimaps$UnmodifiableAsMapValues$1
com.google.common.collect.Multimaps$UnmodifiableListMultimap
com.google.common.collect.Multimaps$UnmodifiableMultimap
com.google.common.collect.Multimaps$UnmodifiableMultimap$1
com.google.common.collect.Multimaps$UnmodifiableSetMultimap
com.google.common.collect.Multimaps$UnmodifiableSortedSetMultimap
com.google.common.collect.Multimaps$Values
com.google.common.collect.Multimaps$Values$1
com.google.common.collect.Multiset
com.google.common.collect.Multiset$Entry
com.google.common.collect.Multisets
com.google.common.collect.Multisets$1
com.google.common.collect.Multisets$1$1
com.google.common.collect.Multisets$2
com.google.common.collect.Multisets$AbstractEntry
com.google.common.collect.Multisets$ElementSet
com.google.common.collect.Multisets$ElementSet$1
com.google.common.collect.Multisets$EntrySet
com.google.common.collect.Multisets$ImmutableEntry
com.google.common.collect.Multisets$MultisetIteratorImpl
com.google.common.collect.Multisets$SetMultiset
com.google.common.collect.Multisets$SetMultiset$1
com.google.common.collect.Multisets$SetMultiset$1$1
com.google.common.collect.Multisets$SetMultiset$ElementSet
com.google.common.collect.Multisets$UnmodifiableMultiset
com.google.common.collect.Multisets$UnmodifiableSortedMultiset
com.google.common.collect.MutableClassToInstanceMap
com.google.common.collect.MutableClassToInstanceMap$1
com.google.common.collect.NaturalOrdering
com.google.common.collect.NullsFirstOrdering
com.google.common.collect.NullsLastOrdering
com.google.common.collect.ObjectArrays
com.google.common.collect.Ordering